[0718/120953.580:WARNING:dns_config_service_win.cc(668)] Failed to read DnsConfig.
[0718/120958.595:WARNING:dns_config_service_win.cc(668)] Failed to read DnsConfig.
[0718/121003.611:WARNING:dns_config_service_win.cc(668)] Failed to read DnsConfig.
[0718/121008.630:WARNING:dns_config_service_win.cc(668)] Failed to read DnsConfig.
[0718/121013.633:WARNING:dns_config_service_win.cc(668)] Failed to read DnsConfig.
[0718/121018.637:WARNING:dns_config_service_win.cc(668)] Failed to read DnsConfig.
[0718/121023.653:WARNING:dns_config_service_win.cc(668)] Failed to read DnsConfig.
[0718/121028.664:WARNING:dns_config_service_win.cc(668)] Failed to read DnsConfig.
[0718/121033.674:WARNING:dns_config_service_win.cc(668)] Failed to read DnsConfig.
[0718/121038.684:WARNING:dns_config_service_win.cc(668)] Failed to read DnsConfig.
[0718/121043.704:WARNING:dns_config_service_win.cc(668)] Failed to read DnsConfig.
[0718/121048.720:WARNING:dns_config_service_win.cc(668)] Failed to read DnsConfig.
[0718/121053.732:WARNING:dns_config_service_win.cc(668)] Failed to read DnsConfig.
[0718/121058.745:WARNING:dns_config_service_win.cc(668)] Failed to read DnsConfig.
[0718/121103.756:WARNING:dns_config_service_win.cc(668)] Failed to read DnsConfig.
[0718/121108.774:WARNING:dns_config_service_win.cc(668)] Failed to read DnsConfig.
[0718/121113.790:WARNING:dns_config_service_win.cc(668)] Failed to read DnsConfig.
[0718/121118.796:WARNING:dns_config_service_win.cc(668)] Failed to read DnsConfig.
[0718/121123.801:WARNING:dns_config_service_win.cc(668)] Failed to read DnsConfig.
[0718/121128.810:WARNING:dns_config_service_win.cc(668)] Failed to read DnsConfig.
[0718/121133.819:WARNING:dns_config_service_win.cc(668)] Failed to read DnsConfig.
[0718/121138.826:WARNING:dns_config_service_win.cc(668)] Failed to read DnsConfig.
[0718/121143.831:WARNING:dns_config_service_win.cc(668)] Failed to read DnsConfig.
[0718/121148.841:WARNING:dns_config_service_win.cc(668)] Failed to read DnsConfig.
[0718/121153.847:WARNING:dns_config_service_win.cc(668)] Failed to read DnsConfig.
[0718/121158.856:WARNING:dns_config_service_win.cc(668)] Failed to read DnsConfig.
[0718/121203.436:INFO:CONSOLE(1)] "Long rAF frame-time", source: file:///C:/Program%20Files/Adobe/Adobe%20Photoshop%202020/Required/www-rich-tooltips/build/external.js (1)
[0718/121203.554:ERROR:mf_helpers.cc(14)] Error in dxva_video_decode_accelerator_win.cc on line 1612
[0718/121203.554:ERROR:mf_helpers.cc(14)] Error in dxva_video_decode_accelerator_win.cc on line 842
[0718/121203.581:WARNING:angle_platform_impl.cc(52)] compileToBinary(230): 
C:\fakepath(69,8-58): warning X3571: pow(f, e) will not work for negative f, use abs(f) or conditionally handle negative values if you expect them
C:\fakepath(77,9-43): warning X3571: pow(f, e) will not work for negative f, use abs(f) or conditionally handle negative values if you expect them

[0718/121203.869:WARNING:dns_config_service_win.cc(668)] Failed to read DnsConfig.
[0718/121208.873:WARNING:dns_config_service_win.cc(668)] Failed to read DnsConfig.
[0718/121213.880:WARNING:dns_config_service_win.cc(668)] Failed to read DnsConfig.
[0718/121218.890:WARNING:dns_config_service_win.cc(668)] Failed to read DnsConfig.
[0718/121223.900:WARNING:dns_config_service_win.cc(668)] Failed to read DnsConfig.
[0718/121228.911:WARNING:dns_config_service_win.cc(668)] Failed to read DnsConfig.
[0718/121233.928:WARNING:dns_config_service_win.cc(668)] Failed to read DnsConfig.
[0718/121238.935:WARNING:dns_config_service_win.cc(668)] Failed to read DnsConfig.
[0718/121243.941:WARNING:dns_config_service_win.cc(668)] Failed to read DnsConfig.
[0718/121248.961:WARNING:dns_config_service_win.cc(668)] Failed to read DnsConfig.
[0718/121253.976:WARNING:dns_config_service_win.cc(668)] Failed to read DnsConfig.
[0718/121258.989:WARNING:dns_config_service_win.cc(668)] Failed to read DnsConfig.
[0718/121304.006:WARNING:dns_config_service_win.cc(668)] Failed to read DnsConfig.
[0718/121309.019:WARNING:dns_config_service_win.cc(668)] Failed to read DnsConfig.
[0718/121314.033:WARNING:dns_config_service_win.cc(668)] Failed to read DnsConfig.
[0718/121319.049:WARNING:dns_config_service_win.cc(668)] Failed to read DnsConfig.
[0718/121324.065:WARNING:dns_config_service_win.cc(668)] Failed to read DnsConfig.
[0718/121329.071:WARNING:dns_config_service_win.cc(668)] Failed to read DnsConfig.
[0718/121334.077:WARNING:dns_config_service_win.cc(668)] Failed to read DnsConfig.
[0718/121339.089:WARNING:dns_config_service_win.cc(668)] Failed to read DnsConfig.
[0718/121344.105:WARNING:dns_config_service_win.cc(668)] Failed to read DnsConfig.
[0718/121349.111:WARNING:dns_config_service_win.cc(668)] Failed to read DnsConfig.
[0718/121354.120:WARNING:dns_config_service_win.cc(668)] Failed to read DnsConfig.
[0718/121359.136:WARNING:dns_config_service_win.cc(668)] Failed to read DnsConfig.
[0718/121404.144:WARNING:dns_config_service_win.cc(668)] Failed to read DnsConfig.
[0718/121409.153:WARNING:dns_config_service_win.cc(668)] Failed to read DnsConfig.
[0718/121414.169:WARNING:dns_config_service_win.cc(668)] Failed to read DnsConfig.
[0718/121419.175:WARNING:dns_config_service_win.cc(668)] Failed to read DnsConfig.
[0718/121424.194:WARNING:dns_config_service_win.cc(668)] Failed to read DnsConfig.
[0718/121429.205:WARNING:dns_config_service_win.cc(668)] Failed to read DnsConfig.
[0718/121434.210:WARNING:dns_config_service_win.cc(668)] Failed to read DnsConfig.
[0718/121439.220:WARNING:dns_config_service_win.cc(668)] Failed to read DnsConfig.
[0718/121444.232:WARNING:dns_config_service_win.cc(668)] Failed to read DnsConfig.
[0718/121449.245:WARNING:dns_config_service_win.cc(668)] Failed to read DnsConfig.
[0718/121454.262:WARNING:dns_config_service_win.cc(668)] Failed to read DnsConfig.
[0718/121459.266:WARNING:dns_config_service_win.cc(668)] Failed to read DnsConfig.
[0718/121504.278:WARNING:dns_config_service_win.cc(668)] Failed to read DnsConfig.
[0718/121509.289:WARNING:dns_config_service_win.cc(668)] Failed to read DnsConfig.
[0718/121514.297:WARNING:dns_config_service_win.cc(668)] Failed to read DnsConfig.
[0718/121519.309:WARNING:dns_config_service_win.cc(668)] Failed to read DnsConfig.
[0718/121524.313:WARNING:dns_config_service_win.cc(668)] Failed to read DnsConfig.
[0718/121529.317:WARNING:dns_config_service_win.cc(668)] Failed to read DnsConfig.
[0718/121534.328:WARNING:dns_config_service_win.cc(668)] Failed to read DnsConfig.
[0718/121539.335:WARNING:dns_config_service_win.cc(668)] Failed to read DnsConfig.
[0718/121544.340:WARNING:dns_config_service_win.cc(668)] Failed to read DnsConfig.
[0718/121549.347:WARNING:dns_config_service_win.cc(668)] Failed to read DnsConfig.
[0718/121554.351:WARNING:dns_config_service_win.cc(668)] Failed to read DnsConfig.
[0718/121559.364:WARNING:dns_config_service_win.cc(668)] Failed to read DnsConfig.
[0718/121604.370:WARNING:dns_config_service_win.cc(668)] Failed to read DnsConfig.
[0718/121609.386:WARNING:dns_config_service_win.cc(668)] Failed to read DnsConfig.
[0718/121614.394:WARNING:dns_config_service_win.cc(668)] Failed to read DnsConfig.
[0718/121619.408:WARNING:dns_config_service_win.cc(668)] Failed to read DnsConfig.
[0718/121624.413:WARNING:dns_config_service_win.cc(668)] Failed to read DnsConfig.
[0718/121629.421:WARNING:dns_config_service_win.cc(668)] Failed to read DnsConfig.
[0718/121634.437:WARNING:dns_config_service_win.cc(668)] Failed to read DnsConfig.
[0718/121639.450:WARNING:dns_config_service_win.cc(668)] Failed to read DnsConfig.
[0718/121644.465:WARNING:dns_config_service_win.cc(668)] Failed to read DnsConfig.
[0718/121649.470:WARNING:dns_config_service_win.cc(668)] Failed to read DnsConfig.
[0718/121654.486:WARNING:dns_config_service_win.cc(668)] Failed to read DnsConfig.
[0718/121659.494:WARNING:dns_config_service_win.cc(668)] Failed to read DnsConfig.
[0718/121704.506:WARNING:dns_config_service_win.cc(668)] Failed to read DnsConfig.
[0718/121709.519:WARNING:dns_config_service_win.cc(668)] Failed to read DnsConfig.
[0718/121714.525:WARNING:dns_config_service_win.cc(668)] Failed to read DnsConfig.
[0718/121719.541:WARNING:dns_config_service_win.cc(668)] Failed to read DnsConfig.
[0718/121724.552:WARNING:dns_config_service_win.cc(668)] Failed to read DnsConfig.
[0718/121729.557:WARNING:dns_config_service_win.cc(668)] Failed to read DnsConfig.
[0718/121734.570:WARNING:dns_config_service_win.cc(668)] Failed to read DnsConfig.
[0718/121739.586:WARNING:dns_config_service_win.cc(668)] Failed to read DnsConfig.
[0718/121744.598:WARNING:dns_config_service_win.cc(668)] Failed to read DnsConfig.
[0718/121749.610:WARNING:dns_config_service_win.cc(668)] Failed to read DnsConfig.
[0718/121754.616:WARNING:dns_config_service_win.cc(668)] Failed to read DnsConfig.
[0718/121759.620:WARNING:dns_config_service_win.cc(668)] Failed to read DnsConfig.
[0718/121804.631:WARNING:dns_config_service_win.cc(668)] Failed to read DnsConfig.
[0718/121809.647:WARNING:dns_config_service_win.cc(668)] Failed to read DnsConfig.
[0718/121814.658:WARNING:dns_config_service_win.cc(668)] Failed to read DnsConfig.
[0718/121819.664:WARNING:dns_config_service_win.cc(668)] Failed to read DnsConfig.
[0718/121824.669:WARNING:dns_config_service_win.cc(668)] Failed to read DnsConfig.
[0718/121829.680:WARNING:dns_config_service_win.cc(668)] Failed to read DnsConfig.
[0718/121834.686:WARNING:dns_config_service_win.cc(668)] Failed to read DnsConfig.
[0718/121839.702:WARNING:dns_config_service_win.cc(668)] Failed to read DnsConfig.
[0718/121844.707:WARNING:dns_config_service_win.cc(668)] Failed to read DnsConfig.
[0718/121849.710:WARNING:dns_config_service_win.cc(668)] Failed to read DnsConfig.
[0718/121854.724:WARNING:dns_config_service_win.cc(668)] Failed to read DnsConfig.
[0718/121859.735:WARNING:dns_config_service_win.cc(668)] Failed to read DnsConfig.
[0718/121904.738:WARNING:dns_config_service_win.cc(668)] Failed to read DnsConfig.
[0718/121909.752:WARNING:dns_config_service_win.cc(668)] Failed to read DnsConfig.
[0718/121914.768:WARNING:dns_config_service_win.cc(668)] Failed to read DnsConfig.
[0718/121919.786:WARNING:dns_config_service_win.cc(668)] Failed to read DnsConfig.
[0718/121924.804:WARNING:dns_config_service_win.cc(668)] Failed to read DnsConfig.
[0718/121929.810:WARNING:dns_config_service_win.cc(668)] Failed to read DnsConfig.
[0718/121934.820:WARNING:dns_config_service_win.cc(668)] Failed to read DnsConfig.
[0718/121939.828:WARNING:dns_config_service_win.cc(668)] Failed to read DnsConfig.
[0718/121944.844:WARNING:dns_config_service_win.cc(668)] Failed to read DnsConfig.
[0718/121949.856:WARNING:dns_config_service_win.cc(668)] Failed to read DnsConfig.
[0718/121954.874:WARNING:dns_config_service_win.cc(668)] Failed to read DnsConfig.
[0718/121959.889:WARNING:dns_config_service_win.cc(668)] Failed to read DnsConfig.
[0718/122004.899:WARNING:dns_config_service_win.cc(668)] Failed to read DnsConfig.
[0718/122009.905:WARNING:dns_config_service_win.cc(668)] Failed to read DnsConfig.
[0718/122014.914:WARNING:dns_config_service_win.cc(668)] Failed to read DnsConfig.
[0718/122019.923:WARNING:dns_config_service_win.cc(668)] Failed to read DnsConfig.
[0718/122024.927:WARNING:dns_config_service_win.cc(668)] Failed to read DnsConfig.
[0718/122029.937:WARNING:dns_config_service_win.cc(668)] Failed to read DnsConfig.
[0718/122034.940:WARNING:dns_config_service_win.cc(668)] Failed to read DnsConfig.
[0718/122039.958:WARNING:dns_config_service_win.cc(668)] Failed to read DnsConfig.
[0718/122044.975:WARNING:dns_config_service_win.cc(668)] Failed to read DnsConfig.
[0718/122049.982:WARNING:dns_config_service_win.cc(668)] Failed to read DnsConfig.
[0718/122054.992:WARNING:dns_config_service_win.cc(668)] Failed to read DnsConfig.
[0718/122100.001:WARNING:dns_config_service_win.cc(668)] Failed to read DnsConfig.
[0718/122105.019:WARNING:dns_config_service_win.cc(668)] Failed to read DnsConfig.
[0718/122110.025:WARNING:dns_config_service_win.cc(668)] Failed to read DnsConfig.
[0718/122115.031:WARNING:dns_config_service_win.cc(668)] Failed to read DnsConfig.
[0718/122120.037:WARNING:dns_config_service_win.cc(668)] Failed to read DnsConfig.
[0718/122125.052:WARNING:dns_config_service_win.cc(668)] Failed to read DnsConfig.
[0718/122130.064:WARNING:dns_config_service_win.cc(668)] Failed to read DnsConfig.
[0718/122135.069:WARNING:dns_config_service_win.cc(668)] Failed to read DnsConfig.
[0718/122140.077:WARNING:dns_config_service_win.cc(668)] Failed to read DnsConfig.
[0718/122145.089:WARNING:dns_config_service_win.cc(668)] Failed to read DnsConfig.
[0718/122150.092:WARNING:dns_config_service_win.cc(668)] Failed to read DnsConfig.
[0718/122155.099:WARNING:dns_config_service_win.cc(668)] Failed to read DnsConfig.
[0718/122200.103:WARNING:dns_config_service_win.cc(668)] Failed to read DnsConfig.
[0718/122205.109:WARNING:dns_config_service_win.cc(668)] Failed to read DnsConfig.
[0718/122210.121:WARNING:dns_config_service_win.cc(668)] Failed to read DnsConfig.
[0718/122215.138:WARNING:dns_config_service_win.cc(668)] Failed to read DnsConfig.
[0718/122220.145:WARNING:dns_config_service_win.cc(668)] Failed to read DnsConfig.
[0718/122225.157:WARNING:dns_config_service_win.cc(668)] Failed to read DnsConfig.
[0718/122230.159:WARNING:dns_config_service_win.cc(668)] Failed to read DnsConfig.
[0718/122235.163:WARNING:dns_config_service_win.cc(668)] Failed to read DnsConfig.
[0718/122240.172:WARNING:dns_config_service_win.cc(668)] Failed to read DnsConfig.
[0718/122245.188:WARNING:dns_config_service_win.cc(668)] Failed to read DnsConfig.
[0718/122250.195:WARNING:dns_config_service_win.cc(668)] Failed to read DnsConfig.
[0718/122255.212:WARNING:dns_config_service_win.cc(668)] Failed to read DnsConfig.
[0718/122300.226:WARNING:dns_config_service_win.cc(668)] Failed to read DnsConfig.
[0718/122305.236:WARNING:dns_config_service_win.cc(668)] Failed to read DnsConfig.
[0718/122310.247:WARNING:dns_config_service_win.cc(668)] Failed to read DnsConfig.
[0718/122315.265:WARNING:dns_config_service_win.cc(668)] Failed to read DnsConfig.
[0718/122320.277:WARNING:dns_config_service_win.cc(668)] Failed to read DnsConfig.
[0718/122325.287:WARNING:dns_config_service_win.cc(668)] Failed to read DnsConfig.
[0718/122330.293:WARNING:dns_config_service_win.cc(668)] Failed to read DnsConfig.
[0718/122335.296:WARNING:dns_config_service_win.cc(668)] Failed to read DnsConfig.
[0718/122340.313:WARNING:dns_config_service_win.cc(668)] Failed to read DnsConfig.
[0718/122345.327:WARNING:dns_config_service_win.cc(668)] Failed to read DnsConfig.
[0718/122350.342:WARNING:dns_config_service_win.cc(668)] Failed to read DnsConfig.
[0718/122355.347:WARNING:dns_config_service_win.cc(668)] Failed to read DnsConfig.
[0718/122400.353:WARNING:dns_config_service_win.cc(668)] Failed to read DnsConfig.
[0718/122405.360:WARNING:dns_config_service_win.cc(668)] Failed to read DnsConfig.
[0718/122410.364:WARNING:dns_config_service_win.cc(668)] Failed to read DnsConfig.
[0718/122415.368:WARNING:dns_config_service_win.cc(668)] Failed to read DnsConfig.
[0718/122420.383:WARNING:dns_config_service_win.cc(668)] Failed to read DnsConfig.
[0718/122425.395:WARNING:dns_config_service_win.cc(668)] Failed to read DnsConfig.
[0718/122430.412:WARNING:dns_config_service_win.cc(668)] Failed to read DnsConfig.
[0718/122435.420:WARNING:dns_config_service_win.cc(668)] Failed to read DnsConfig.
[0718/122440.430:WARNING:dns_config_service_win.cc(668)] Failed to read DnsConfig.
[0718/122445.447:WARNING:dns_config_service_win.cc(668)] Failed to read DnsConfig.
[0718/122450.454:WARNING:dns_config_service_win.cc(668)] Failed to read DnsConfig.
[0718/122455.460:WARNING:dns_config_service_win.cc(668)] Failed to read DnsConfig.
[0718/122500.474:WARNING:dns_config_service_win.cc(668)] Failed to read DnsConfig.
[0718/122505.486:WARNING:dns_config_service_win.cc(668)] Failed to read DnsConfig.
[0718/122510.496:WARNING:dns_config_service_win.cc(668)] Failed to read DnsConfig.
[0718/122515.505:WARNING:dns_config_service_win.cc(668)] Failed to read DnsConfig.
[0718/122520.522:WARNING:dns_config_service_win.cc(668)] Failed to read DnsConfig.
[0718/122525.526:WARNING:dns_config_service_win.cc(668)] Failed to read DnsConfig.
[0718/122530.536:WARNING:dns_config_service_win.cc(668)] Failed to read DnsConfig.
[0718/122535.547:WARNING:dns_config_service_win.cc(668)] Failed to read DnsConfig.
[0718/122540.554:WARNING:dns_config_service_win.cc(668)] Failed to read DnsConfig.
[0718/122545.558:WARNING:dns_config_service_win.cc(668)] Failed to read DnsConfig.
[0718/122550.575:WARNING:dns_config_service_win.cc(668)] Failed to read DnsConfig.
[0718/122555.592:WARNING:dns_config_service_win.cc(668)] Failed to read DnsConfig.
[0718/122600.605:WARNING:dns_config_service_win.cc(668)] Failed to read DnsConfig.
[0718/122605.616:WARNING:dns_config_service_win.cc(668)] Failed to read DnsConfig.
[0718/122610.621:WARNING:dns_config_service_win.cc(668)] Failed to read DnsConfig.
[0718/122615.633:WARNING:dns_config_service_win.cc(668)] Failed to read DnsConfig.
[0718/122620.642:WARNING:dns_config_service_win.cc(668)] Failed to read DnsConfig.
[0718/122625.656:WARNING:dns_config_service_win.cc(668)] Failed to read DnsConfig.
[0718/122630.669:WARNING:dns_config_service_win.cc(668)] Failed to read DnsConfig.
[0718/122635.671:WARNING:dns_config_service_win.cc(668)] Failed to read DnsConfig.
[0718/122640.683:WARNING:dns_config_service_win.cc(668)] Failed to read DnsConfig.
[0718/122645.687:WARNING:dns_config_service_win.cc(668)] Failed to read DnsConfig.
[0718/122650.701:WARNING:dns_config_service_win.cc(668)] Failed to read DnsConfig.
[0718/122655.717:WARNING:dns_config_service_win.cc(668)] Failed to read DnsConfig.
[0718/122700.734:WARNING:dns_config_service_win.cc(668)] Failed to read DnsConfig.
[0718/122705.744:WARNING:dns_config_service_win.cc(668)] Failed to read DnsConfig.
[0718/122710.753:WARNING:dns_config_service_win.cc(668)] Failed to read DnsConfig.
[0718/122715.764:WARNING:dns_config_service_win.cc(668)] Failed to read DnsConfig.
[0718/122720.780:WARNING:dns_config_service_win.cc(668)] Failed to read DnsConfig.
[0718/122725.789:WARNING:dns_config_service_win.cc(668)] Failed to read DnsConfig.
[0718/122730.801:WARNING:dns_config_service_win.cc(668)] Failed to read DnsConfig.
[0718/122735.805:WARNING:dns_config_service_win.cc(668)] Failed to read DnsConfig.
[0718/122740.809:WARNING:dns_config_service_win.cc(668)] Failed to read DnsConfig.
[0718/122745.823:WARNING:dns_config_service_win.cc(668)] Failed to read DnsConfig.
[0718/122750.837:WARNING:dns_config_service_win.cc(668)] Failed to read DnsConfig.
[0718/122755.844:WARNING:dns_config_service_win.cc(668)] Failed to read DnsConfig.
[0718/122800.851:WARNING:dns_config_service_win.cc(668)] Failed to read DnsConfig.
[0718/122805.855:WARNING:dns_config_service_win.cc(668)] Failed to read DnsConfig.
[0718/122810.861:WARNING:dns_config_service_win.cc(668)] Failed to read DnsConfig.
[0718/122815.868:WARNING:dns_config_service_win.cc(668)] Failed to read DnsConfig.
[0718/122820.878:WARNING:dns_config_service_win.cc(668)] Failed to read DnsConfig.
[0718/122825.893:WARNING:dns_config_service_win.cc(668)] Failed to read DnsConfig.
[0718/122830.906:WARNING:dns_config_service_win.cc(668)] Failed to read DnsConfig.
[0718/122835.912:WARNING:dns_config_service_win.cc(668)] Failed to read DnsConfig.
[0718/122840.922:WARNING:dns_config_service_win.cc(668)] Failed to read DnsConfig.
[0718/122845.931:WARNING:dns_config_service_win.cc(668)] Failed to read DnsConfig.
[0718/122850.946:WARNING:dns_config_service_win.cc(668)] Failed to read DnsConfig.
[0718/122855.958:WARNING:dns_config_service_win.cc(668)] Failed to read DnsConfig.
[0718/122900.968:WARNING:dns_config_service_win.cc(668)] Failed to read DnsConfig.
[0718/122905.982:WARNING:dns_config_service_win.cc(668)] Failed to read DnsConfig.
[0718/122911.000:WARNING:dns_config_service_win.cc(668)] Failed to read DnsConfig.
[0718/122916.004:WARNING:dns_config_service_win.cc(668)] Failed to read DnsConfig.
[0718/122921.023:WARNING:dns_config_service_win.cc(668)] Failed to read DnsConfig.
[0718/122926.040:WARNING:dns_config_service_win.cc(668)] Failed to read DnsConfig.
[0718/122931.054:WARNING:dns_config_service_win.cc(668)] Failed to read DnsConfig.
[0718/122936.064:WARNING:dns_config_service_win.cc(668)] Failed to read DnsConfig.
[0718/122941.075:WARNING:dns_config_service_win.cc(668)] Failed to read DnsConfig.
[0718/122946.091:WARNING:dns_config_service_win.cc(668)] Failed to read DnsConfig.
[0718/122951.106:WARNING:dns_config_service_win.cc(668)] Failed to read DnsConfig.
[0718/122956.116:WARNING:dns_config_service_win.cc(668)] Failed to read DnsConfig.
[0718/123001.127:WARNING:dns_config_service_win.cc(668)] Failed to read DnsConfig.
[0718/123006.138:WARNING:dns_config_service_win.cc(668)] Failed to read DnsConfig.
[0718/123011.151:WARNING:dns_config_service_win.cc(668)] Failed to read DnsConfig.
[0718/123016.168:WARNING:dns_config_service_win.cc(668)] Failed to read DnsConfig.
[0718/123021.183:WARNING:dns_config_service_win.cc(668)] Failed to read DnsConfig.
[0718/123026.189:WARNING:dns_config_service_win.cc(668)] Failed to read DnsConfig.
[0718/123031.197:WARNING:dns_config_service_win.cc(668)] Failed to read DnsConfig.
[0718/123036.202:WARNING:dns_config_service_win.cc(668)] Failed to read DnsConfig.
[0718/123041.212:WARNING:dns_config_service_win.cc(668)] Failed to read DnsConfig.
[0718/123046.229:WARNING:dns_config_service_win.cc(668)] Failed to read DnsConfig.
[0718/123051.235:WARNING:dns_config_service_win.cc(668)] Failed to read DnsConfig.
[0718/123056.245:WARNING:dns_config_service_win.cc(668)] Failed to read DnsConfig.
[0718/123101.258:WARNING:dns_config_service_win.cc(668)] Failed to read DnsConfig.
[0718/123106.264:WARNING:dns_config_service_win.cc(668)] Failed to read DnsConfig.
[0718/123111.277:WARNING:dns_config_service_win.cc(668)] Failed to read DnsConfig.
[0718/123116.285:WARNING:dns_config_service_win.cc(668)] Failed to read DnsConfig.
[0718/123121.289:WARNING:dns_config_service_win.cc(668)] Failed to read DnsConfig.
[0718/123126.297:WARNING:dns_config_service_win.cc(668)] Failed to read DnsConfig.
[0718/123131.315:WARNING:dns_config_service_win.cc(668)] Failed to read DnsConfig.
[0718/123136.321:WARNING:dns_config_service_win.cc(668)] Failed to read DnsConfig.
[0718/123141.324:WARNING:dns_config_service_win.cc(668)] Failed to read DnsConfig.
[0718/123146.328:WARNING:dns_config_service_win.cc(668)] Failed to read DnsConfig.
[0718/123151.345:WARNING:dns_config_service_win.cc(668)] Failed to read DnsConfig.
[0718/123156.361:WARNING:dns_config_service_win.cc(668)] Failed to read DnsConfig.
[0718/123201.378:WARNING:dns_config_service_win.cc(668)] Failed to read DnsConfig.
[0718/123206.385:WARNING:dns_config_service_win.cc(668)] Failed to read DnsConfig.
[0718/123211.398:WARNING:dns_config_service_win.cc(668)] Failed to read DnsConfig.
[0718/123216.405:WARNING:dns_config_service_win.cc(668)] Failed to read DnsConfig.
[0718/123221.419:WARNING:dns_config_service_win.cc(668)] Failed to read DnsConfig.
[0718/123226.433:WARNING:dns_config_service_win.cc(668)] Failed to read DnsConfig.
[0718/123231.442:WARNING:dns_config_service_win.cc(668)] Failed to read DnsConfig.
[0718/123236.447:WARNING:dns_config_service_win.cc(668)] Failed to read DnsConfig.
[0718/123241.459:WARNING:dns_config_service_win.cc(668)] Failed to read DnsConfig.
[0718/123246.466:WARNING:dns_config_service_win.cc(668)] Failed to read DnsConfig.
[0718/123251.477:WARNING:dns_config_service_win.cc(668)] Failed to read DnsConfig.
[0718/123256.486:WARNING:dns_config_service_win.cc(668)] Failed to read DnsConfig.
[0718/123301.491:WARNING:dns_config_service_win.cc(668)] Failed to read DnsConfig.
[0718/123306.503:WARNING:dns_config_service_win.cc(668)] Failed to read DnsConfig.
[0718/123311.513:WARNING:dns_config_service_win.cc(668)] Failed to read DnsConfig.
[0718/123316.523:WARNING:dns_config_service_win.cc(668)] Failed to read DnsConfig.
[0718/123321.526:WARNING:dns_config_service_win.cc(668)] Failed to read DnsConfig.
[0718/123326.544:WARNING:dns_config_service_win.cc(668)] Failed to read DnsConfig.
[0718/123331.561:WARNING:dns_config_service_win.cc(668)] Failed to read DnsConfig.
[0718/123336.571:WARNING:dns_config_service_win.cc(668)] Failed to read DnsConfig.
[0718/123341.585:WARNING:dns_config_service_win.cc(668)] Failed to read DnsConfig.
[0718/123346.595:WARNING:dns_config_service_win.cc(668)] Failed to read DnsConfig.
[0718/123351.607:WARNING:dns_config_service_win.cc(668)] Failed to read DnsConfig.
[0718/123356.614:WARNING:dns_config_service_win.cc(668)] Failed to read DnsConfig.
[0718/123401.627:WARNING:dns_config_service_win.cc(668)] Failed to read DnsConfig.
[0718/123406.637:WARNING:dns_config_service_win.cc(668)] Failed to read DnsConfig.
[0718/123411.647:WARNING:dns_config_service_win.cc(668)] Failed to read DnsConfig.
[0718/123416.662:WARNING:dns_config_service_win.cc(668)] Failed to read DnsConfig.
[0718/123421.669:WARNING:dns_config_service_win.cc(668)] Failed to read DnsConfig.
[0718/123426.686:WARNING:dns_config_service_win.cc(668)] Failed to read DnsConfig.
[0718/123431.689:WARNING:dns_config_service_win.cc(668)] Failed to read DnsConfig.
[0718/123436.707:WARNING:dns_config_service_win.cc(668)] Failed to read DnsConfig.
[0718/123441.720:WARNING:dns_config_service_win.cc(668)] Failed to read DnsConfig.
[0718/123446.736:WARNING:dns_config_service_win.cc(668)] Failed to read DnsConfig.
[0718/123451.749:WARNING:dns_config_service_win.cc(668)] Failed to read DnsConfig.
[0718/123456.762:WARNING:dns_config_service_win.cc(668)] Failed to read DnsConfig.
[0718/123501.768:WARNING:dns_config_service_win.cc(668)] Failed to read DnsConfig.
[0718/123506.774:WARNING:dns_config_service_win.cc(668)] Failed to read DnsConfig.
[0718/123511.779:WARNING:dns_config_service_win.cc(668)] Failed to read DnsConfig.
[0718/123516.789:WARNING:dns_config_service_win.cc(668)] Failed to read DnsConfig.
[0718/123521.807:WARNING:dns_config_service_win.cc(668)] Failed to read DnsConfig.
[0718/123526.816:WARNING:dns_config_service_win.cc(668)] Failed to read DnsConfig.
[0718/123531.829:WARNING:dns_config_service_win.cc(668)] Failed to read DnsConfig.
[0718/123536.836:WARNING:dns_config_service_win.cc(668)] Failed to read DnsConfig.
[0718/123541.849:WARNING:dns_config_service_win.cc(668)] Failed to read DnsConfig.
[0718/123546.866:WARNING:dns_config_service_win.cc(668)] Failed to read DnsConfig.
[0718/123551.883:WARNING:dns_config_service_win.cc(668)] Failed to read DnsConfig.
[0718/123556.892:WARNING:dns_config_service_win.cc(668)] Failed to read DnsConfig.
[0718/123601.900:WARNING:dns_config_service_win.cc(668)] Failed to read DnsConfig.
[0718/123606.906:WARNING:dns_config_service_win.cc(668)] Failed to read DnsConfig.
[0718/123611.919:WARNING:dns_config_service_win.cc(668)] Failed to read DnsConfig.
[0718/123616.933:WARNING:dns_config_service_win.cc(668)] Failed to read DnsConfig.
[0718/123621.938:WARNING:dns_config_service_win.cc(668)] Failed to read DnsConfig.
[0718/123626.946:WARNING:dns_config_service_win.cc(668)] Failed to read DnsConfig.
[0718/123631.961:WARNING:dns_config_service_win.cc(668)] Failed to read DnsConfig.
[0718/123636.966:WARNING:dns_config_service_win.cc(668)] Failed to read DnsConfig.
[0718/123641.973:WARNING:dns_config_service_win.cc(668)] Failed to read DnsConfig.
[0718/123646.983:WARNING:dns_config_service_win.cc(668)] Failed to read DnsConfig.
[0718/123651.987:WARNING:dns_config_service_win.cc(668)] Failed to read DnsConfig.
[0718/123657.000:WARNING:dns_config_service_win.cc(668)] Failed to read DnsConfig.
[0718/123702.017:WARNING:dns_config_service_win.cc(668)] Failed to read DnsConfig.
[0718/123707.020:WARNING:dns_config_service_win.cc(668)] Failed to read DnsConfig.
[0718/123712.037:WARNING:dns_config_service_win.cc(668)] Failed to read DnsConfig.
[0718/123717.047:WARNING:dns_config_service_win.cc(668)] Failed to read DnsConfig.
[0718/123722.058:WARNING:dns_config_service_win.cc(668)] Failed to read DnsConfig.
[0718/123727.062:WARNING:dns_config_service_win.cc(668)] Failed to read DnsConfig.
[0718/123732.077:WARNING:dns_config_service_win.cc(668)] Failed to read DnsConfig.
[0718/123737.086:WARNING:dns_config_service_win.cc(668)] Failed to read DnsConfig.
[0718/123742.090:WARNING:dns_config_service_win.cc(668)] Failed to read DnsConfig.
[0718/123747.102:WARNING:dns_config_service_win.cc(668)] Failed to read DnsConfig.
[0718/123752.106:WARNING:dns_config_service_win.cc(668)] Failed to read DnsConfig.
[0718/123757.123:WARNING:dns_config_service_win.cc(668)] Failed to read DnsConfig.
[0718/123802.141:WARNING:dns_config_service_win.cc(668)] Failed to read DnsConfig.
[0718/123807.151:WARNING:dns_config_service_win.cc(668)] Failed to read DnsConfig.
[0718/123812.163:WARNING:dns_config_service_win.cc(668)] Failed to read DnsConfig.
[0718/123817.173:WARNING:dns_config_service_win.cc(668)] Failed to read DnsConfig.
[0718/123822.178:WARNING:dns_config_service_win.cc(668)] Failed to read DnsConfig.
[0718/123827.194:WARNING:dns_config_service_win.cc(668)] Failed to read DnsConfig.
[0718/123832.206:WARNING:dns_config_service_win.cc(668)] Failed to read DnsConfig.
[0718/123837.221:WARNING:dns_config_service_win.cc(668)] Failed to read DnsConfig.
[0718/123842.234:WARNING:dns_config_service_win.cc(668)] Failed to read DnsConfig.
[0718/123847.246:WARNING:dns_config_service_win.cc(668)] Failed to read DnsConfig.
[0718/123852.254:WARNING:dns_config_service_win.cc(668)] Failed to read DnsConfig.
[0718/123857.269:WARNING:dns_config_service_win.cc(668)] Failed to read DnsConfig.
[0718/123902.282:WARNING:dns_config_service_win.cc(668)] Failed to read DnsConfig.
[0718/123907.301:WARNING:dns_config_service_win.cc(668)] Failed to read DnsConfig.
[0718/123912.311:WARNING:dns_config_service_win.cc(668)] Failed to read DnsConfig.
[0718/123917.318:WARNING:dns_config_service_win.cc(668)] Failed to read DnsConfig.
[0718/123922.325:WARNING:dns_config_service_win.cc(668)] Failed to read DnsConfig.
[0718/123927.341:WARNING:dns_config_service_win.cc(668)] Failed to read DnsConfig.
[0718/123932.358:WARNING:dns_config_service_win.cc(668)] Failed to read DnsConfig.
[0718/123937.367:WARNING:dns_config_service_win.cc(668)] Failed to read DnsConfig.
[0718/123942.372:WARNING:dns_config_service_win.cc(668)] Failed to read DnsConfig.
[0718/123947.380:WARNING:dns_config_service_win.cc(668)] Failed to read DnsConfig.
[0718/123952.397:WARNING:dns_config_service_win.cc(668)] Failed to read DnsConfig.
[0718/123957.400:WARNING:dns_config_service_win.cc(668)] Failed to read DnsConfig.
[0718/124002.415:WARNING:dns_config_service_win.cc(668)] Failed to read DnsConfig.
[0718/124007.423:WARNING:dns_config_service_win.cc(668)] Failed to read DnsConfig.
[0718/124012.430:WARNING:dns_config_service_win.cc(668)] Failed to read DnsConfig.
[0718/124017.437:WARNING:dns_config_service_win.cc(668)] Failed to read DnsConfig.
[0718/124022.455:WARNING:dns_config_service_win.cc(668)] Failed to read DnsConfig.
[0718/124027.459:WARNING:dns_config_service_win.cc(668)] Failed to read DnsConfig.
[0718/124032.470:WARNING:dns_config_service_win.cc(668)] Failed to read DnsConfig.
[0718/124037.486:WARNING:dns_config_service_win.cc(668)] Failed to read DnsConfig.
[0718/124042.502:WARNING:dns_config_service_win.cc(668)] Failed to read DnsConfig.
[0718/124047.508:WARNING:dns_config_service_win.cc(668)] Failed to read DnsConfig.
[0718/124052.518:WARNING:dns_config_service_win.cc(668)] Failed to read DnsConfig.
[0718/124057.536:WARNING:dns_config_service_win.cc(668)] Failed to read DnsConfig.
[0718/124102.542:WARNING:dns_config_service_win.cc(668)] Failed to read DnsConfig.
[0718/124107.550:WARNING:dns_config_service_win.cc(668)] Failed to read DnsConfig.
[0718/124112.558:WARNING:dns_config_service_win.cc(668)] Failed to read DnsConfig.
[0718/124117.575:WARNING:dns_config_service_win.cc(668)] Failed to read DnsConfig.
[0718/124122.590:WARNING:dns_config_service_win.cc(668)] Failed to read DnsConfig.
[0718/124127.600:WARNING:dns_config_service_win.cc(668)] Failed to read DnsConfig.
[0718/124132.618:WARNING:dns_config_service_win.cc(668)] Failed to read DnsConfig.
[0718/124137.630:WARNING:dns_config_service_win.cc(668)] Failed to read DnsConfig.
[0718/124142.644:WARNING:dns_config_service_win.cc(668)] Failed to read DnsConfig.
[0718/124147.656:WARNING:dns_config_service_win.cc(668)] Failed to read DnsConfig.
[0718/124152.667:WARNING:dns_config_service_win.cc(668)] Failed to read DnsConfig.
[0718/124157.680:WARNING:dns_config_service_win.cc(668)] Failed to read DnsConfig.
[0718/124202.684:WARNING:dns_config_service_win.cc(668)] Failed to read DnsConfig.
[0718/124207.691:WARNING:dns_config_service_win.cc(668)] Failed to read DnsConfig.
[0718/124212.709:WARNING:dns_config_service_win.cc(668)] Failed to read DnsConfig.
[0718/124217.716:WARNING:dns_config_service_win.cc(668)] Failed to read DnsConfig.
[0718/124222.733:WARNING:dns_config_service_win.cc(668)] Failed to read DnsConfig.
[0718/124227.745:WARNING:dns_config_service_win.cc(668)] Failed to read DnsConfig.
[0718/124232.749:WARNING:dns_config_service_win.cc(668)] Failed to read DnsConfig.
[0718/124237.754:WARNING:dns_config_service_win.cc(668)] Failed to read DnsConfig.
[0718/124242.772:WARNING:dns_config_service_win.cc(668)] Failed to read DnsConfig.
[0718/124247.788:WARNING:dns_config_service_win.cc(668)] Failed to read DnsConfig.
[0718/124252.806:WARNING:dns_config_service_win.cc(668)] Failed to read DnsConfig.
[0718/124257.817:WARNING:dns_config_service_win.cc(668)] Failed to read DnsConfig.
[0718/124302.828:WARNING:dns_config_service_win.cc(668)] Failed to read DnsConfig.
[0718/124307.833:WARNING:dns_config_service_win.cc(668)] Failed to read DnsConfig.
[0718/124312.835:WARNING:dns_config_service_win.cc(668)] Failed to read DnsConfig.
[0718/124317.843:WARNING:dns_config_service_win.cc(668)] Failed to read DnsConfig.
[0718/124322.853:WARNING:dns_config_service_win.cc(668)] Failed to read DnsConfig.
[0718/124327.863:WARNING:dns_config_service_win.cc(668)] Failed to read DnsConfig.
[0718/124332.867:WARNING:dns_config_service_win.cc(668)] Failed to read DnsConfig.
[0718/124337.881:WARNING:dns_config_service_win.cc(668)] Failed to read DnsConfig.
[0718/124342.893:WARNING:dns_config_service_win.cc(668)] Failed to read DnsConfig.
[0718/124347.908:WARNING:dns_config_service_win.cc(668)] Failed to read DnsConfig.
[0718/124352.915:WARNING:dns_config_service_win.cc(668)] Failed to read DnsConfig.
[0718/124357.933:WARNING:dns_config_service_win.cc(668)] Failed to read DnsConfig.
[0718/124402.942:WARNING:dns_config_service_win.cc(668)] Failed to read DnsConfig.
[0718/124407.949:WARNING:dns_config_service_win.cc(668)] Failed to read DnsConfig.
[0718/124412.965:WARNING:dns_config_service_win.cc(668)] Failed to read DnsConfig.
[0718/124417.978:WARNING:dns_config_service_win.cc(668)] Failed to read DnsConfig.
[0718/124422.994:WARNING:dns_config_service_win.cc(668)] Failed to read DnsConfig.
[0718/124428.009:WARNING:dns_config_service_win.cc(668)] Failed to read DnsConfig.
[0718/124433.018:WARNING:dns_config_service_win.cc(668)] Failed to read DnsConfig.
[0718/124438.033:WARNING:dns_config_service_win.cc(668)] Failed to read DnsConfig.
[0718/124443.049:WARNING:dns_config_service_win.cc(668)] Failed to read DnsConfig.
[0718/124448.058:WARNING:dns_config_service_win.cc(668)] Failed to read DnsConfig.
[0718/124453.076:WARNING:dns_config_service_win.cc(668)] Failed to read DnsConfig.
[0718/124458.079:WARNING:dns_config_service_win.cc(668)] Failed to read DnsConfig.
[0718/124503.085:WARNING:dns_config_service_win.cc(668)] Failed to read DnsConfig.
[0718/124508.100:WARNING:dns_config_service_win.cc(668)] Failed to read DnsConfig.
[0718/124513.106:WARNING:dns_config_service_win.cc(668)] Failed to read DnsConfig.
[0718/124518.123:WARNING:dns_config_service_win.cc(668)] Failed to read DnsConfig.
[0718/124523.128:WARNING:dns_config_service_win.cc(668)] Failed to read DnsConfig.
[0718/124528.142:WARNING:dns_config_service_win.cc(668)] Failed to read DnsConfig.
[0718/124533.156:WARNING:dns_config_service_win.cc(668)] Failed to read DnsConfig.
[0718/124538.171:WARNING:dns_config_service_win.cc(668)] Failed to read DnsConfig.
[0718/124543.186:WARNING:dns_config_service_win.cc(668)] Failed to read DnsConfig.
[0718/124548.190:WARNING:dns_config_service_win.cc(668)] Failed to read DnsConfig.
[0718/124553.202:WARNING:dns_config_service_win.cc(668)] Failed to read DnsConfig.
[0718/124558.215:WARNING:dns_config_service_win.cc(668)] Failed to read DnsConfig.
[0718/124603.218:WARNING:dns_config_service_win.cc(668)] Failed to read DnsConfig.
[0718/124608.234:WARNING:dns_config_service_win.cc(668)] Failed to read DnsConfig.
[0718/124613.239:WARNING:dns_config_service_win.cc(668)] Failed to read DnsConfig.
[0718/124618.250:WARNING:dns_config_service_win.cc(668)] Failed to read DnsConfig.
[0718/124623.258:WARNING:dns_config_service_win.cc(668)] Failed to read DnsConfig.
[0718/124628.264:WARNING:dns_config_service_win.cc(668)] Failed to read DnsConfig.
[0718/124633.281:WARNING:dns_config_service_win.cc(668)] Failed to read DnsConfig.
[0718/124638.288:WARNING:dns_config_service_win.cc(668)] Failed to read DnsConfig.
[0718/124643.302:WARNING:dns_config_service_win.cc(668)] Failed to read DnsConfig.
[0718/124648.321:WARNING:dns_config_service_win.cc(668)] Failed to read DnsConfig.
[0718/124653.337:WARNING:dns_config_service_win.cc(668)] Failed to read DnsConfig.
[0718/124658.341:WARNING:dns_config_service_win.cc(668)] Failed to read DnsConfig.
[0718/124703.358:WARNING:dns_config_service_win.cc(668)] Failed to read DnsConfig.
[0718/124708.362:WARNING:dns_config_service_win.cc(668)] Failed to read DnsConfig.
[0718/124713.371:WARNING:dns_config_service_win.cc(668)] Failed to read DnsConfig.
[0718/124718.374:WARNING:dns_config_service_win.cc(668)] Failed to read DnsConfig.
[0718/124723.380:WARNING:dns_config_service_win.cc(668)] Failed to read DnsConfig.
[0718/124728.384:WARNING:dns_config_service_win.cc(668)] Failed to read DnsConfig.
[0718/124733.400:WARNING:dns_config_service_win.cc(668)] Failed to read DnsConfig.
[0718/124738.418:WARNING:dns_config_service_win.cc(668)] Failed to read DnsConfig.
[0718/124743.431:WARNING:dns_config_service_win.cc(668)] Failed to read DnsConfig.
[0718/124748.442:WARNING:dns_config_service_win.cc(668)] Failed to read DnsConfig.
[0718/124753.449:WARNING:dns_config_service_win.cc(668)] Failed to read DnsConfig.
[0718/124758.460:WARNING:dns_config_service_win.cc(668)] Failed to read DnsConfig.
[0718/124803.472:WARNING:dns_config_service_win.cc(668)] Failed to read DnsConfig.
[0718/124808.490:WARNING:dns_config_service_win.cc(668)] Failed to read DnsConfig.
[0718/124813.505:WARNING:dns_config_service_win.cc(668)] Failed to read DnsConfig.
[0718/124818.515:WARNING:dns_config_service_win.cc(668)] Failed to read DnsConfig.
[0718/124823.530:WARNING:dns_config_service_win.cc(668)] Failed to read DnsConfig.
[0718/124828.537:WARNING:dns_config_service_win.cc(668)] Failed to read DnsConfig.
[0718/124833.544:WARNING:dns_config_service_win.cc(668)] Failed to read DnsConfig.
[0718/124838.554:WARNING:dns_config_service_win.cc(668)] Failed to read DnsConfig.
[0718/124843.570:WARNING:dns_config_service_win.cc(668)] Failed to read DnsConfig.
[0718/124848.586:WARNING:dns_config_service_win.cc(668)] Failed to read DnsConfig.
[0718/124853.591:WARNING:dns_config_service_win.cc(668)] Failed to read DnsConfig.
[0718/124858.609:WARNING:dns_config_service_win.cc(668)] Failed to read DnsConfig.
[0718/124903.614:WARNING:dns_config_service_win.cc(668)] Failed to read DnsConfig.
[0718/124908.630:WARNING:dns_config_service_win.cc(668)] Failed to read DnsConfig.
[0718/124913.645:WARNING:dns_config_service_win.cc(668)] Failed to read DnsConfig.
[0718/124918.654:WARNING:dns_config_service_win.cc(668)] Failed to read DnsConfig.
[0718/124923.662:WARNING:dns_config_service_win.cc(668)] Failed to read DnsConfig.
[0718/124928.671:WARNING:dns_config_service_win.cc(668)] Failed to read DnsConfig.
[0718/124933.675:WARNING:dns_config_service_win.cc(668)] Failed to read DnsConfig.
[0718/124938.683:WARNING:dns_config_service_win.cc(668)] Failed to read DnsConfig.
[0718/124943.689:WARNING:dns_config_service_win.cc(668)] Failed to read DnsConfig.
[0718/124948.695:WARNING:dns_config_service_win.cc(668)] Failed to read DnsConfig.
[0718/124953.711:WARNING:dns_config_service_win.cc(668)] Failed to read DnsConfig.
[0718/124958.718:WARNING:dns_config_service_win.cc(668)] Failed to read DnsConfig.
[0718/125003.728:WARNING:dns_config_service_win.cc(668)] Failed to read DnsConfig.
[0718/125008.732:WARNING:dns_config_service_win.cc(668)] Failed to read DnsConfig.
[0718/125013.738:WARNING:dns_config_service_win.cc(668)] Failed to read DnsConfig.
[0718/125018.756:WARNING:dns_config_service_win.cc(668)] Failed to read DnsConfig.
[0718/125023.759:WARNING:dns_config_service_win.cc(668)] Failed to read DnsConfig.
[0718/125028.763:WARNING:dns_config_service_win.cc(668)] Failed to read DnsConfig.
[0718/125033.774:WARNING:dns_config_service_win.cc(668)] Failed to read DnsConfig.
[0718/125038.781:WARNING:dns_config_service_win.cc(668)] Failed to read DnsConfig.
[0718/125043.793:WARNING:dns_config_service_win.cc(668)] Failed to read DnsConfig.
[0718/125048.803:WARNING:dns_config_service_win.cc(668)] Failed to read DnsConfig.
[0718/125053.808:WARNING:dns_config_service_win.cc(668)] Failed to read DnsConfig.
[0718/125058.813:WARNING:dns_config_service_win.cc(668)] Failed to read DnsConfig.
[0718/125103.823:WARNING:dns_config_service_win.cc(668)] Failed to read DnsConfig.
[0718/125108.826:WARNING:dns_config_service_win.cc(668)] Failed to read DnsConfig.
[0718/125113.836:WARNING:dns_config_service_win.cc(668)] Failed to read DnsConfig.
[0718/125118.843:WARNING:dns_config_service_win.cc(668)] Failed to read DnsConfig.
[0718/125123.852:WARNING:dns_config_service_win.cc(668)] Failed to read DnsConfig.
[0718/125128.858:WARNING:dns_config_service_win.cc(668)] Failed to read DnsConfig.
[0718/125133.876:WARNING:dns_config_service_win.cc(668)] Failed to read DnsConfig.
[0718/125138.891:WARNING:dns_config_service_win.cc(668)] Failed to read DnsConfig.
[0718/125143.908:WARNING:dns_config_service_win.cc(668)] Failed to read DnsConfig.
[0718/125148.926:WARNING:dns_config_service_win.cc(668)] Failed to read DnsConfig.
[0718/125153.929:WARNING:dns_config_service_win.cc(668)] Failed to read DnsConfig.
[0718/125158.937:WARNING:dns_config_service_win.cc(668)] Failed to read DnsConfig.
[0718/125203.945:WARNING:dns_config_service_win.cc(668)] Failed to read DnsConfig.
[0718/125208.959:WARNING:dns_config_service_win.cc(668)] Failed to read DnsConfig.
[0718/125213.968:WARNING:dns_config_service_win.cc(668)] Failed to read DnsConfig.
[0718/125218.985:WARNING:dns_config_service_win.cc(668)] Failed to read DnsConfig.
[0718/125223.997:WARNING:dns_config_service_win.cc(668)] Failed to read DnsConfig.
[0718/125229.011:WARNING:dns_config_service_win.cc(668)] Failed to read DnsConfig.
[0718/125234.020:WARNING:dns_config_service_win.cc(668)] Failed to read DnsConfig.
[0718/125239.038:WARNING:dns_config_service_win.cc(668)] Failed to read DnsConfig.
[0718/125244.051:WARNING:dns_config_service_win.cc(668)] Failed to read DnsConfig.
[0718/125249.066:WARNING:dns_config_service_win.cc(668)] Failed to read DnsConfig.
[0718/125254.075:WARNING:dns_config_service_win.cc(668)] Failed to read DnsConfig.
[0718/125259.094:WARNING:dns_config_service_win.cc(668)] Failed to read DnsConfig.
[0718/125304.107:WARNING:dns_config_service_win.cc(668)] Failed to read DnsConfig.
[0718/125309.123:WARNING:dns_config_service_win.cc(668)] Failed to read DnsConfig.
[0718/125314.128:WARNING:dns_config_service_win.cc(668)] Failed to read DnsConfig.
[0718/125319.132:WARNING:dns_config_service_win.cc(668)] Failed to read DnsConfig.
[0718/125324.135:WARNING:dns_config_service_win.cc(668)] Failed to read DnsConfig.
[0718/125329.142:WARNING:dns_config_service_win.cc(668)] Failed to read DnsConfig.
[0718/125334.148:WARNING:dns_config_service_win.cc(668)] Failed to read DnsConfig.
[0718/125339.153:WARNING:dns_config_service_win.cc(668)] Failed to read DnsConfig.
[0718/125344.165:WARNING:dns_config_service_win.cc(668)] Failed to read DnsConfig.
[0718/125349.169:WARNING:dns_config_service_win.cc(668)] Failed to read DnsConfig.
[0718/125354.181:WARNING:dns_config_service_win.cc(668)] Failed to read DnsConfig.
[0718/125359.194:WARNING:dns_config_service_win.cc(668)] Failed to read DnsConfig.
[0718/125404.199:WARNING:dns_config_service_win.cc(668)] Failed to read DnsConfig.
[0718/125409.215:WARNING:dns_config_service_win.cc(668)] Failed to read DnsConfig.
[0718/125414.227:WARNING:dns_config_service_win.cc(668)] Failed to read DnsConfig.
[0718/125419.241:WARNING:dns_config_service_win.cc(668)] Failed to read DnsConfig.
[0718/125424.250:WARNING:dns_config_service_win.cc(668)] Failed to read DnsConfig.
[0718/125429.255:WARNING:dns_config_service_win.cc(668)] Failed to read DnsConfig.
[0718/125434.267:WARNING:dns_config_service_win.cc(668)] Failed to read DnsConfig.
[0718/125439.283:WARNING:dns_config_service_win.cc(668)] Failed to read DnsConfig.
[0718/125444.291:WARNING:dns_config_service_win.cc(668)] Failed to read DnsConfig.
[0718/125449.309:WARNING:dns_config_service_win.cc(668)] Failed to read DnsConfig.
[0718/125454.324:WARNING:dns_config_service_win.cc(668)] Failed to read DnsConfig.
[0718/125459.328:WARNING:dns_config_service_win.cc(668)] Failed to read DnsConfig.
[0718/125504.337:WARNING:dns_config_service_win.cc(668)] Failed to read DnsConfig.
[0718/125509.344:WARNING:dns_config_service_win.cc(668)] Failed to read DnsConfig.
[0718/125514.352:WARNING:dns_config_service_win.cc(668)] Failed to read DnsConfig.
[0718/125519.366:WARNING:dns_config_service_win.cc(668)] Failed to read DnsConfig.
[0718/125524.379:WARNING:dns_config_service_win.cc(668)] Failed to read DnsConfig.
[0718/125529.397:WARNING:dns_config_service_win.cc(668)] Failed to read DnsConfig.
[0718/125534.413:WARNING:dns_config_service_win.cc(668)] Failed to read DnsConfig.
[0718/125539.420:WARNING:dns_config_service_win.cc(668)] Failed to read DnsConfig.
[0718/125544.429:WARNING:dns_config_service_win.cc(668)] Failed to read DnsConfig.
[0718/125549.444:WARNING:dns_config_service_win.cc(668)] Failed to read DnsConfig.
[0718/125554.462:WARNING:dns_config_service_win.cc(668)] Failed to read DnsConfig.
[0718/125559.469:WARNING:dns_config_service_win.cc(668)] Failed to read DnsConfig.
[0718/125604.473:WARNING:dns_config_service_win.cc(668)] Failed to read DnsConfig.
[0718/125609.480:WARNING:dns_config_service_win.cc(668)] Failed to read DnsConfig.
[0718/125614.487:WARNING:dns_config_service_win.cc(668)] Failed to read DnsConfig.
[0718/125619.493:WARNING:dns_config_service_win.cc(668)] Failed to read DnsConfig.
[0718/125624.504:WARNING:dns_config_service_win.cc(668)] Failed to read DnsConfig.
[0718/125629.507:WARNING:dns_config_service_win.cc(668)] Failed to read DnsConfig.
[0718/125634.510:WARNING:dns_config_service_win.cc(668)] Failed to read DnsConfig.
[0718/125639.515:WARNING:dns_config_service_win.cc(668)] Failed to read DnsConfig.
[0718/125644.526:WARNING:dns_config_service_win.cc(668)] Failed to read DnsConfig.
[0718/125649.538:WARNING:dns_config_service_win.cc(668)] Failed to read DnsConfig.
[0718/125654.554:WARNING:dns_config_service_win.cc(668)] Failed to read DnsConfig.
[0718/125659.566:WARNING:dns_config_service_win.cc(668)] Failed to read DnsConfig.
[0718/125704.575:WARNING:dns_config_service_win.cc(668)] Failed to read DnsConfig.
[0718/125709.585:WARNING:dns_config_service_win.cc(668)] Failed to read DnsConfig.
[0718/125714.594:WARNING:dns_config_service_win.cc(668)] Failed to read DnsConfig.
[0718/125719.602:WARNING:dns_config_service_win.cc(668)] Failed to read DnsConfig.
[0718/125724.616:WARNING:dns_config_service_win.cc(668)] Failed to read DnsConfig.
[0718/125729.626:WARNING:dns_config_service_win.cc(668)] Failed to read DnsConfig.
[0718/125734.643:WARNING:dns_config_service_win.cc(668)] Failed to read DnsConfig.
[0718/125739.661:WARNING:dns_config_service_win.cc(668)] Failed to read DnsConfig.
[0718/125744.672:WARNING:dns_config_service_win.cc(668)] Failed to read DnsConfig.
[0718/125749.690:WARNING:dns_config_service_win.cc(668)] Failed to read DnsConfig.
[0718/125754.693:WARNING:dns_config_service_win.cc(668)] Failed to read DnsConfig.
[0718/125759.708:WARNING:dns_config_service_win.cc(668)] Failed to read DnsConfig.
[0718/125804.721:WARNING:dns_config_service_win.cc(668)] Failed to read DnsConfig.
[0718/125809.738:WARNING:dns_config_service_win.cc(668)] Failed to read DnsConfig.
[0718/125814.755:WARNING:dns_config_service_win.cc(668)] Failed to read DnsConfig.
[0718/125819.762:WARNING:dns_config_service_win.cc(668)] Failed to read DnsConfig.
[0718/125824.769:WARNING:dns_config_service_win.cc(668)] Failed to read DnsConfig.
[0718/125829.787:WARNING:dns_config_service_win.cc(668)] Failed to read DnsConfig.
[0718/125834.794:WARNING:dns_config_service_win.cc(668)] Failed to read DnsConfig.
[0718/125839.812:WARNING:dns_config_service_win.cc(668)] Failed to read DnsConfig.
[0718/125844.815:WARNING:dns_config_service_win.cc(668)] Failed to read DnsConfig.
[0718/125849.823:WARNING:dns_config_service_win.cc(668)] Failed to read DnsConfig.
[0718/125854.835:WARNING:dns_config_service_win.cc(668)] Failed to read DnsConfig.
[0718/125859.840:WARNING:dns_config_service_win.cc(668)] Failed to read DnsConfig.
[0718/125904.858:WARNING:dns_config_service_win.cc(668)] Failed to read DnsConfig.
[0718/125909.867:WARNING:dns_config_service_win.cc(668)] Failed to read DnsConfig.
[0718/125914.883:WARNING:dns_config_service_win.cc(668)] Failed to read DnsConfig.
[0718/125919.886:WARNING:dns_config_service_win.cc(668)] Failed to read DnsConfig.
[0718/125924.897:WARNING:dns_config_service_win.cc(668)] Failed to read DnsConfig.
[0718/125929.909:WARNING:dns_config_service_win.cc(668)] Failed to read DnsConfig.
[0718/125934.928:WARNING:dns_config_service_win.cc(668)] Failed to read DnsConfig.
[0718/125939.937:WARNING:dns_config_service_win.cc(668)] Failed to read DnsConfig.
[0718/125944.955:WARNING:dns_config_service_win.cc(668)] Failed to read DnsConfig.
[0718/125949.960:WARNING:dns_config_service_win.cc(668)] Failed to read DnsConfig.
[0718/125954.965:WARNING:dns_config_service_win.cc(668)] Failed to read DnsConfig.
[0718/125959.981:WARNING:dns_config_service_win.cc(668)] Failed to read DnsConfig.
[0718/130004.999:WARNING:dns_config_service_win.cc(668)] Failed to read DnsConfig.
[0718/130010.005:WARNING:dns_config_service_win.cc(668)] Failed to read DnsConfig.
[0718/130015.013:WARNING:dns_config_service_win.cc(668)] Failed to read DnsConfig.
[0718/130020.018:WARNING:dns_config_service_win.cc(668)] Failed to read DnsConfig.
[0718/130025.029:WARNING:dns_config_service_win.cc(668)] Failed to read DnsConfig.
[0718/130030.042:WARNING:dns_config_service_win.cc(668)] Failed to read DnsConfig.
[0718/130035.045:WARNING:dns_config_service_win.cc(668)] Failed to read DnsConfig.
[0718/130040.061:WARNING:dns_config_service_win.cc(668)] Failed to read DnsConfig.
[0718/130045.072:WARNING:dns_config_service_win.cc(668)] Failed to read DnsConfig.
[0718/130050.082:WARNING:dns_config_service_win.cc(668)] Failed to read DnsConfig.
[0718/130055.099:WARNING:dns_config_service_win.cc(668)] Failed to read DnsConfig.
[0718/130100.104:WARNING:dns_config_service_win.cc(668)] Failed to read DnsConfig.
[0718/130105.120:WARNING:dns_config_service_win.cc(668)] Failed to read DnsConfig.
[0718/130110.124:WARNING:dns_config_service_win.cc(668)] Failed to read DnsConfig.
[0718/130115.131:WARNING:dns_config_service_win.cc(668)] Failed to read DnsConfig.
[0718/130120.135:WARNING:dns_config_service_win.cc(668)] Failed to read DnsConfig.
[0718/130125.146:WARNING:dns_config_service_win.cc(668)] Failed to read DnsConfig.
[0718/130130.165:WARNING:dns_config_service_win.cc(668)] Failed to read DnsConfig.
[0718/130135.169:WARNING:dns_config_service_win.cc(668)] Failed to read DnsConfig.
[0718/130140.175:WARNING:dns_config_service_win.cc(668)] Failed to read DnsConfig.
[0718/130145.183:WARNING:dns_config_service_win.cc(668)] Failed to read DnsConfig.
[0718/130150.200:WARNING:dns_config_service_win.cc(668)] Failed to read DnsConfig.
[0718/130155.210:WARNING:dns_config_service_win.cc(668)] Failed to read DnsConfig.
[0718/130200.228:WARNING:dns_config_service_win.cc(668)] Failed to read DnsConfig.
[0718/130205.246:WARNING:dns_config_service_win.cc(668)] Failed to read DnsConfig.
[0718/130210.254:WARNING:dns_config_service_win.cc(668)] Failed to read DnsConfig.
[0718/130215.258:WARNING:dns_config_service_win.cc(668)] Failed to read DnsConfig.
[0718/130220.276:WARNING:dns_config_service_win.cc(668)] Failed to read DnsConfig.
[0718/130225.289:WARNING:dns_config_service_win.cc(668)] Failed to read DnsConfig.
[0718/130230.293:WARNING:dns_config_service_win.cc(668)] Failed to read DnsConfig.
[0718/130235.299:WARNING:dns_config_service_win.cc(668)] Failed to read DnsConfig.
[0718/130240.309:WARNING:dns_config_service_win.cc(668)] Failed to read DnsConfig.
[0718/130245.313:WARNING:dns_config_service_win.cc(668)] Failed to read DnsConfig.
[0718/130250.323:WARNING:dns_config_service_win.cc(668)] Failed to read DnsConfig.
[0718/130255.334:WARNING:dns_config_service_win.cc(668)] Failed to read DnsConfig.
[0718/130300.339:WARNING:dns_config_service_win.cc(668)] Failed to read DnsConfig.
[0718/130305.350:WARNING:dns_config_service_win.cc(668)] Failed to read DnsConfig.
[0718/130310.361:WARNING:dns_config_service_win.cc(668)] Failed to read DnsConfig.
[0718/130315.373:WARNING:dns_config_service_win.cc(668)] Failed to read DnsConfig.
[0718/130320.388:WARNING:dns_config_service_win.cc(668)] Failed to read DnsConfig.
[0718/130325.403:WARNING:dns_config_service_win.cc(668)] Failed to read DnsConfig.
[0718/130330.410:WARNING:dns_config_service_win.cc(668)] Failed to read DnsConfig.
[0718/130335.422:WARNING:dns_config_service_win.cc(668)] Failed to read DnsConfig.
[0718/130340.437:WARNING:dns_config_service_win.cc(668)] Failed to read DnsConfig.
[0718/130345.444:WARNING:dns_config_service_win.cc(668)] Failed to read DnsConfig.
[0718/130350.456:WARNING:dns_config_service_win.cc(668)] Failed to read DnsConfig.
[0718/130355.473:WARNING:dns_config_service_win.cc(668)] Failed to read DnsConfig.
[0718/130400.490:WARNING:dns_config_service_win.cc(668)] Failed to read DnsConfig.
[0718/130405.503:WARNING:dns_config_service_win.cc(668)] Failed to read DnsConfig.
[0718/130410.515:WARNING:dns_config_service_win.cc(668)] Failed to read DnsConfig.
[0718/130415.520:WARNING:dns_config_service_win.cc(668)] Failed to read DnsConfig.
[0718/130420.539:WARNING:dns_config_service_win.cc(668)] Failed to read DnsConfig.
[0718/130425.557:WARNING:dns_config_service_win.cc(668)] Failed to read DnsConfig.
[0718/130430.571:WARNING:dns_config_service_win.cc(668)] Failed to read DnsConfig.
[0718/130435.581:WARNING:dns_config_service_win.cc(668)] Failed to read DnsConfig.
[0718/130440.598:WARNING:dns_config_service_win.cc(668)] Failed to read DnsConfig.
[0718/130445.607:WARNING:dns_config_service_win.cc(668)] Failed to read DnsConfig.
[0718/130450.615:WARNING:dns_config_service_win.cc(668)] Failed to read DnsConfig.
[0718/130455.634:WARNING:dns_config_service_win.cc(668)] Failed to read DnsConfig.
[0718/130500.642:WARNING:dns_config_service_win.cc(668)] Failed to read DnsConfig.
[0718/130505.655:WARNING:dns_config_service_win.cc(668)] Failed to read DnsConfig.
[0718/130510.671:WARNING:dns_config_service_win.cc(668)] Failed to read DnsConfig.
[0718/130515.686:WARNING:dns_config_service_win.cc(668)] Failed to read DnsConfig.
[0718/130520.690:WARNING:dns_config_service_win.cc(668)] Failed to read DnsConfig.
[0718/130525.707:WARNING:dns_config_service_win.cc(668)] Failed to read DnsConfig.
[0718/130530.719:WARNING:dns_config_service_win.cc(668)] Failed to read DnsConfig.
[0718/130535.733:WARNING:dns_config_service_win.cc(668)] Failed to read DnsConfig.
[0718/130540.747:WARNING:dns_config_service_win.cc(668)] Failed to read DnsConfig.
[0718/130545.753:WARNING:dns_config_service_win.cc(668)] Failed to read DnsConfig.
[0718/130550.767:WARNING:dns_config_service_win.cc(668)] Failed to read DnsConfig.
[0718/130555.785:WARNING:dns_config_service_win.cc(668)] Failed to read DnsConfig.
[0718/130600.800:WARNING:dns_config_service_win.cc(668)] Failed to read DnsConfig.
[0718/130605.810:WARNING:dns_config_service_win.cc(668)] Failed to read DnsConfig.
[0718/130610.819:WARNING:dns_config_service_win.cc(668)] Failed to read DnsConfig.
[0718/130615.834:WARNING:dns_config_service_win.cc(668)] Failed to read DnsConfig.
[0718/130620.844:WARNING:dns_config_service_win.cc(668)] Failed to read DnsConfig.
[0718/130625.861:WARNING:dns_config_service_win.cc(668)] Failed to read DnsConfig.
[0718/130630.876:WARNING:dns_config_service_win.cc(668)] Failed to read DnsConfig.
[0718/130635.879:WARNING:dns_config_service_win.cc(668)] Failed to read DnsConfig.
[0718/130640.893:WARNING:dns_config_service_win.cc(668)] Failed to read DnsConfig.
[0718/130645.898:WARNING:dns_config_service_win.cc(668)] Failed to read DnsConfig.
[0718/130650.913:WARNING:dns_config_service_win.cc(668)] Failed to read DnsConfig.
[0718/130655.920:WARNING:dns_config_service_win.cc(668)] Failed to read DnsConfig.
[0718/130700.938:WARNING:dns_config_service_win.cc(668)] Failed to read DnsConfig.
[0718/130705.947:WARNING:dns_config_service_win.cc(668)] Failed to read DnsConfig.
[0718/130710.951:WARNING:dns_config_service_win.cc(668)] Failed to read DnsConfig.
[0718/130715.963:WARNING:dns_config_service_win.cc(668)] Failed to read DnsConfig.
[0718/130720.974:WARNING:dns_config_service_win.cc(668)] Failed to read DnsConfig.
[0718/130725.979:WARNING:dns_config_service_win.cc(668)] Failed to read DnsConfig.
[0718/130730.991:WARNING:dns_config_service_win.cc(668)] Failed to read DnsConfig.
[0718/130735.997:WARNING:dns_config_service_win.cc(668)] Failed to read DnsConfig.
[0718/130741.004:WARNING:dns_config_service_win.cc(668)] Failed to read DnsConfig.
[0718/130746.012:WARNING:dns_config_service_win.cc(668)] Failed to read DnsConfig.
[0718/130751.015:WARNING:dns_config_service_win.cc(668)] Failed to read DnsConfig.
[0718/130756.028:WARNING:dns_config_service_win.cc(668)] Failed to read DnsConfig.
[0718/130801.045:WARNING:dns_config_service_win.cc(668)] Failed to read DnsConfig.
[0718/130806.064:WARNING:dns_config_service_win.cc(668)] Failed to read DnsConfig.
[0718/130811.081:WARNING:dns_config_service_win.cc(668)] Failed to read DnsConfig.
[0718/130816.099:WARNING:dns_config_service_win.cc(668)] Failed to read DnsConfig.
[0718/130821.109:WARNING:dns_config_service_win.cc(668)] Failed to read DnsConfig.
[0718/130826.123:WARNING:dns_config_service_win.cc(668)] Failed to read DnsConfig.
[0718/130831.132:WARNING:dns_config_service_win.cc(668)] Failed to read DnsConfig.
[0718/130836.141:WARNING:dns_config_service_win.cc(668)] Failed to read DnsConfig.
[0718/130841.157:WARNING:dns_config_service_win.cc(668)] Failed to read DnsConfig.
[0718/130846.163:WARNING:dns_config_service_win.cc(668)] Failed to read DnsConfig.
[0718/130851.177:WARNING:dns_config_service_win.cc(668)] Failed to read DnsConfig.
[0718/130856.192:WARNING:dns_config_service_win.cc(668)] Failed to read DnsConfig.
[0718/130901.209:WARNING:dns_config_service_win.cc(668)] Failed to read DnsConfig.
[0718/130906.218:WARNING:dns_config_service_win.cc(668)] Failed to read DnsConfig.
[0718/130911.228:WARNING:dns_config_service_win.cc(668)] Failed to read DnsConfig.
[0718/130916.244:WARNING:dns_config_service_win.cc(668)] Failed to read DnsConfig.
[0718/130921.254:WARNING:dns_config_service_win.cc(668)] Failed to read DnsConfig.
[0718/130926.261:WARNING:dns_config_service_win.cc(668)] Failed to read DnsConfig.
[0718/130931.270:WARNING:dns_config_service_win.cc(668)] Failed to read DnsConfig.
[0718/130936.287:WARNING:dns_config_service_win.cc(668)] Failed to read DnsConfig.
[0718/130941.290:WARNING:dns_config_service_win.cc(668)] Failed to read DnsConfig.
[0718/130946.308:WARNING:dns_config_service_win.cc(668)] Failed to read DnsConfig.
[0718/130951.325:WARNING:dns_config_service_win.cc(668)] Failed to read DnsConfig.
[0718/130956.338:WARNING:dns_config_service_win.cc(668)] Failed to read DnsConfig.
[0718/131001.343:WARNING:dns_config_service_win.cc(668)] Failed to read DnsConfig.
[0718/131006.348:WARNING:dns_config_service_win.cc(668)] Failed to read DnsConfig.
[0718/131011.365:WARNING:dns_config_service_win.cc(668)] Failed to read DnsConfig.
[0718/131016.375:WARNING:dns_config_service_win.cc(668)] Failed to read DnsConfig.
[0718/131021.381:WARNING:dns_config_service_win.cc(668)] Failed to read DnsConfig.
[0718/131026.386:WARNING:dns_config_service_win.cc(668)] Failed to read DnsConfig.
[0718/131031.395:WARNING:dns_config_service_win.cc(668)] Failed to read DnsConfig.
[0718/131036.409:WARNING:dns_config_service_win.cc(668)] Failed to read DnsConfig.
[0718/131041.416:WARNING:dns_config_service_win.cc(668)] Failed to read DnsConfig.
[0718/131046.427:WARNING:dns_config_service_win.cc(668)] Failed to read DnsConfig.
[0718/131051.442:WARNING:dns_config_service_win.cc(668)] Failed to read DnsConfig.
[0718/131056.450:WARNING:dns_config_service_win.cc(668)] Failed to read DnsConfig.
[0718/131101.460:WARNING:dns_config_service_win.cc(668)] Failed to read DnsConfig.
[0718/131106.473:WARNING:dns_config_service_win.cc(668)] Failed to read DnsConfig.
[0718/131111.478:WARNING:dns_config_service_win.cc(668)] Failed to read DnsConfig.
[0718/131116.487:WARNING:dns_config_service_win.cc(668)] Failed to read DnsConfig.
[0718/131121.493:WARNING:dns_config_service_win.cc(668)] Failed to read DnsConfig.
[0718/131126.507:WARNING:dns_config_service_win.cc(668)] Failed to read DnsConfig.
[0718/131131.524:WARNING:dns_config_service_win.cc(668)] Failed to read DnsConfig.
[0718/131136.533:WARNING:dns_config_service_win.cc(668)] Failed to read DnsConfig.
[0718/131141.547:WARNING:dns_config_service_win.cc(668)] Failed to read DnsConfig.
[0718/131146.556:WARNING:dns_config_service_win.cc(668)] Failed to read DnsConfig.
[0718/131151.567:WARNING:dns_config_service_win.cc(668)] Failed to read DnsConfig.
[0718/131156.585:WARNING:dns_config_service_win.cc(668)] Failed to read DnsConfig.
[0718/131201.595:WARNING:dns_config_service_win.cc(668)] Failed to read DnsConfig.
[0718/131206.603:WARNING:dns_config_service_win.cc(668)] Failed to read DnsConfig.
[0718/131211.618:WARNING:dns_config_service_win.cc(668)] Failed to read DnsConfig.
[0718/131216.632:WARNING:dns_config_service_win.cc(668)] Failed to read DnsConfig.
[0718/131221.639:WARNING:dns_config_service_win.cc(668)] Failed to read DnsConfig.
[0718/131226.643:WARNING:dns_config_service_win.cc(668)] Failed to read DnsConfig.
[0718/131231.658:WARNING:dns_config_service_win.cc(668)] Failed to read DnsConfig.
[0718/131236.676:WARNING:dns_config_service_win.cc(668)] Failed to read DnsConfig.
[0718/131241.693:WARNING:dns_config_service_win.cc(668)] Failed to read DnsConfig.
[0718/131246.710:WARNING:dns_config_service_win.cc(668)] Failed to read DnsConfig.
[0718/131251.723:WARNING:dns_config_service_win.cc(668)] Failed to read DnsConfig.
[0718/131256.738:WARNING:dns_config_service_win.cc(668)] Failed to read DnsConfig.
[0718/131301.749:WARNING:dns_config_service_win.cc(668)] Failed to read DnsConfig.
[0718/131306.760:WARNING:dns_config_service_win.cc(668)] Failed to read DnsConfig.
[0718/131311.773:WARNING:dns_config_service_win.cc(668)] Failed to read DnsConfig.
[0718/131316.787:WARNING:dns_config_service_win.cc(668)] Failed to read DnsConfig.
[0718/131321.792:WARNING:dns_config_service_win.cc(668)] Failed to read DnsConfig.
